[15:50:53] [main/INFO]: LiteLoader 1.7.10_04 starting up...
[15:50:53] [main/INFO]: Java reports OS="windows 10"
[15:50:53] [main/INFO]: Enumerating class path...
[15:50:53] [main/INFO]: Class path separator=";"
[15:50:53] [main/INFO]: Class path entries=(
   classpathEntry=D:\DataProgram\TwitchData\Minecraft\Install\libraries\net\minecraftforge\forge\1.7.10-10.13.4.1614-1.7.10\forge-1.7.10-10.13.4.1614-1.7.10.jar
   classpathEntry=D:\DataProgram\TwitchData\Minecraft\Install\libraries\net\minecraft\launchwrapper\1.12\launchwrapper-1.12.jar
   classpathEntry=D:\DataProgram\TwitchData\Minecraft\Install\libraries\org\ow2\asm\asm-all\5.0.3\asm-all-5.0.3.jar
   classpathEntry=D:\DataProgram\TwitchData\Minecraft\Install\libraries\com\typesafe\akka\akka-actor_2.11\2.3.3\akka-actor_2.11-2.3.3.jar
   classpathEntry=D:\DataProgram\TwitchData\Minecraft\Install\libraries\com\typesafe\config\1.2.1\config-1.2.1.jar
   classpathEntry=D:\DataProgram\TwitchData\Minecraft\Install\libraries\org\scala-lang\scala-actors-migration_2.11\1.1.0\scala-actors-migration_2.11-1.1.0.jar
   classpathEntry=D:\DataProgram\TwitchData\Minecraft\Install\libraries\org\scala-lang\scala-compiler\2.11.1\scala-compiler-2.11.1.jar
   classpathEntry=D:\DataProgram\TwitchData\Minecraft\Install\libraries\org\scala-lang\plugins\scala-continuations-library_2.11\1.0.2\scala-continuations-library_2.11-1.0.2.jar
   classpathEntry=D:\DataProgram\TwitchData\Minecraft\Install\libraries\org\scala-lang\plugins\scala-continuations-plugin_2.11.1\1.0.2\scala-continuations-plugin_2.11.1-1.0.2.jar
   classpathEntry=D:\DataProgram\TwitchData\Minecraft\Install\libraries\org\scala-lang\scala-library\2.11.1\scala-library-2.11.1.jar
   classpathEntry=D:\DataProgram\TwitchData\Minecraft\Install\libraries\org\scala-lang\scala-parser-combinators_2.11\1.0.1\scala-parser-combinators_2.11-1.0.1.jar
   classpathEntry=D:\DataProgram\TwitchData\Minecraft\Install\libraries\org\scala-lang\scala-reflect\2.11.1\scala-reflect-2.11.1.jar
   classpathEntry=D:\DataProgram\TwitchData\Minecraft\Install\libraries\org\scala-lang\scala-swing_2.11\1.0.1\scala-swing_2.11-1.0.1.jar
   classpathEntry=D:\DataProgram\TwitchData\Minecraft\Install\libraries\org\scala-lang\scala-xml_2.11\1.0.2\scala-xml_2.11-1.0.2.jar
   classpathEntry=D:\DataProgram\TwitchData\Minecraft\Install\libraries\lzma\lzma\0.0.1\lzma-0.0.1.jar
   classpathEntry=D:\DataProgram\TwitchData\Minecraft\Install\libraries\net\sf\jopt-simple\jopt-simple\4.5\jopt-simple-4.5.jar
   classpathEntry=D:\DataProgram\TwitchData\Minecraft\Install\libraries\com\google\guava\guava\17.0\guava-17.0.jar
   classpathEntry=D:\DataProgram\TwitchData\Minecraft\Install\libraries\org\apache\commons\commons-lang3\3.3.2\commons-lang3-3.3.2.jar
   classpathEntry=D:\DataProgram\TwitchData\Minecraft\Install\libraries\com\mojang\netty\1.6\netty-1.6.jar
   classpathEntry=D:\DataProgram\TwitchData\Minecraft\Install\libraries\com\mojang\realms\1.3.5\realms-1.3.5.jar
   classpathEntry=D:\DataProgram\TwitchData\Minecraft\Install\libraries\org\apache\commons\commons-compress\1.8.1\commons-compress-1.8.1.jar
   classpathEntry=D:\DataProgram\TwitchData\Minecraft\Install\libraries\org\apache\httpcomponents\httpclient\4.3.3\httpclient-4.3.3.jar
   classpathEntry=D:\DataProgram\TwitchData\Minecraft\Install\libraries\commons-logging\commons-logging\1.1.3\commons-logging-1.1.3.jar
   classpathEntry=D:\DataProgram\TwitchData\Minecraft\Install\libraries\org\apache\httpcomponents\httpcore\4.3.2\httpcore-4.3.2.jar
   classpathEntry=D:\DataProgram\TwitchData\Minecraft\Install\libraries\java3d\vecmath\1.3.1\vecmath-1.3.1.jar
   classpathEntry=D:\DataProgram\TwitchData\Minecraft\Install\libraries\net\sf\trove4j\trove4j\3.0.3\trove4j-3.0.3.jar
   classpathEntry=D:\DataProgram\TwitchData\Minecraft\Install\libraries\com\ibm\icu\icu4j-core-mojang\51.2\icu4j-core-mojang-51.2.jar
   classpathEntry=D:\DataProgram\TwitchData\Minecraft\Install\libraries\net\sf\jopt-simple\jopt-simple\4.5\jopt-simple-4.5.jar
   classpathEntry=D:\DataProgram\TwitchData\Minecraft\Install\libraries\com\paulscode\codecjorbis\20101023\codecjorbis-20101023.jar
   classpathEntry=D:\DataProgram\TwitchData\Minecraft\Install\libraries\com\paulscode\codecwav\20101023\codecwav-20101023.jar
   classpathEntry=D:\DataProgram\TwitchData\Minecraft\Install\libraries\com\paulscode\libraryjavasound\20101123\libraryjavasound-20101123.jar
   classpathEntry=D:\DataProgram\TwitchData\Minecraft\Install\libraries\com\paulscode\librarylwjglopenal\20100824\librarylwjglopenal-20100824.jar
   classpathEntry=D:\DataProgram\TwitchData\Minecraft\Install\libraries\com\paulscode\soundsystem\20120107\soundsystem-20120107.jar
   classpathEntry=D:\DataProgram\TwitchData\Minecraft\Install\libraries\io\netty\netty-all\4.0.10.Final\netty-all-4.0.10.Final.jar
   classpathEntry=D:\DataProgram\TwitchData\Minecraft\Install\libraries\com\google\guava\guava\15.0\guava-15.0.jar
   classpathEntry=D:\DataProgram\TwitchData\Minecraft\Install\libraries\org\apache\commons\commons-lang3\3.1\commons-lang3-3.1.jar
   classpathEntry=D:\DataProgram\TwitchData\Minecraft\Install\libraries\commons-io\commons-io\2.4\commons-io-2.4.jar
   classpathEntry=D:\DataProgram\TwitchData\Minecraft\Install\libraries\commons-codec\commons-codec\1.9\commons-codec-1.9.jar
   classpathEntry=D:\DataProgram\TwitchData\Minecraft\Install\libraries\net\java\jinput\jinput\2.0.5\jinput-2.0.5.jar
   classpathEntry=D:\DataProgram\TwitchData\Minecraft\Install\libraries\net\java\jutils\jutils\1.0.0\jutils-1.0.0.jar
   classpathEntry=D:\DataProgram\TwitchData\Minecraft\Install\libraries\com\google\code\gson\gson\2.2.4\gson-2.2.4.jar
   classpathEntry=D:\DataProgram\TwitchData\Minecraft\Install\libraries\com\mojang\authlib\1.5.21\authlib-1.5.21.jar
   classpathEntry=D:\DataProgram\TwitchData\Minecraft\Install\libraries\org\apache\logging\log4j\log4j-api\2.0-beta9\log4j-api-2.0-beta9.jar
   classpathEntry=D:\DataProgram\TwitchData\Minecraft\Install\libraries\org\apache\logging\log4j\log4j-core\2.0-beta9\log4j-core-2.0-beta9.jar
   classpathEntry=D:\DataProgram\TwitchData\Minecraft\Install\libraries\org\lwjgl\lwjgl\lwjgl\2.9.1\lwjgl-2.9.1.jar
   classpathEntry=D:\DataProgram\TwitchData\Minecraft\Install\libraries\org\lwjgl\lwjgl\lwjgl_util\2.9.1\lwjgl_util-2.9.1.jar
   classpathEntry=D:\DataProgram\TwitchData\Minecraft\Install\libraries\tv\twitch\twitch\5.16\twitch-5.16.jar
   classpathEntry=D:\DataProgram\TwitchData\Minecraft\Install\versions\1.7.10\1.7.10.jar
)
[15:50:53] [main/INFO]: Registering discovery module EnumeratorModuleClassPath: [<Java Class Path>]
[15:50:53] [main/INFO]: Registering discovery module EnumeratorModuleFolder: [D:\DataProgram\TwitchData\Minecraft\Instances\Luequive Origins\mods]
[15:50:53] [main/INFO]: Registering discovery module EnumeratorModuleFolder: [D:\DataProgram\TwitchData\Minecraft\Instances\Luequive Origins\mods\1.7.10]
[15:50:53] [main/INFO]: Adding supported mod class prefix 'LiteMod'
[15:50:53] [main/INFO]: Discovering tweaks on class path...
[15:50:53] [main/INFO]: Discovering valid mod files in folder D:\DataProgram\TwitchData\Minecraft\Instances\Luequive Origins\mods
[15:50:53] [main/INFO]: Considering valid mod file: D:\DataProgram\TwitchData\Minecraft\Instances\Luequive Origins\mods\lib_voxellib_2.3.1_mc1.7.10-client.litemod
[15:50:53] [main/INFO]: Considering valid mod file: D:\DataProgram\TwitchData\Minecraft\Instances\Luequive Origins\mods\mod_betterClouds-1.0.1_for_1.7.10.litemod
[15:50:53] [main/INFO]: Considering valid mod file: D:\DataProgram\TwitchData\Minecraft\Instances\Luequive Origins\mods\mod_MAtmos_29ub4_mc1.7.10.litemod
[15:50:53] [main/INFO]: Considering valid mod file: D:\DataProgram\TwitchData\Minecraft\Instances\Luequive Origins\mods\mod_voxelMap_1.7.0b_for_1.7.10.litemod
[15:50:53] [main/INFO]: Considering valid mod file: D:\DataProgram\TwitchData\Minecraft\Instances\Luequive Origins\mods\TabbyChat-1.7.10-1.11.2.2-liteloader.litemod
[15:50:53] [main/INFO]: Adding newest valid mod file 'D:\DataProgram\TwitchData\Minecraft\Instances\Luequive Origins\mods\mod_betterClouds-1.0.1_for_1.7.10.litemod' at revision 1001.0000
[15:50:53] [main/INFO]: Adding newest valid mod file 'D:\DataProgram\TwitchData\Minecraft\Instances\Luequive Origins\mods\mod_MAtmos_29ub4_mc1.7.10.litemod' at revision 29.0000
[15:50:53] [main/INFO]: Adding newest valid mod file 'D:\DataProgram\TwitchData\Minecraft\Instances\Luequive Origins\mods\mod_voxelMap_1.7.0b_for_1.7.10.litemod' at revision 1700.0000
[15:50:53] [main/INFO]: Adding newest valid mod file 'D:\DataProgram\TwitchData\Minecraft\Instances\Luequive Origins\mods\TabbyChat-1.7.10-1.11.2.2-liteloader.litemod' at revision 520.0000
[15:50:53] [main/INFO]: Adding newest valid mod file 'D:\DataProgram\TwitchData\Minecraft\Instances\Luequive Origins\mods\lib_voxellib_2.3.1_mc1.7.10-client.litemod' at revision 234.0000
[15:50:53] [main/INFO]: Discovering valid mod files in folder D:\DataProgram\TwitchData\Minecraft\Instances\Luequive Origins\mods\1.7.10
[15:50:53] [main/INFO]: Searching for tweaks in 'Baubles-1.7.10-1.0.1.10.jar'
[15:50:53] [main/WARN]: Error parsing manifest entries in 'D:\DataProgram\TwitchData\Minecraft\Instances\Luequive Origins\mods\1.7.10\Baubles-1.7.10-1.0.1.10.jar'
[15:50:53] [main/INFO]: Searching for tweaks in 'CodeChickenLib-1.7.10-1.1.3.138-universal.jar'
[15:50:53] [main/WARN]: Error parsing manifest entries in 'D:\DataProgram\TwitchData\Minecraft\Instances\Luequive Origins\mods\1.7.10\CodeChickenLib-1.7.10-1.1.3.138-universal.jar'
[15:50:53] [main/INFO]: Searching for tweaks in 'ForgeMultipart-1.7.10-1.2.0.345-universal.jar'
[15:50:53] [main/WARN]: Error parsing manifest entries in 'D:\DataProgram\TwitchData\Minecraft\Instances\Luequive Origins\mods\1.7.10\ForgeMultipart-1.7.10-1.2.0.345-universal.jar'
[15:50:53] [main/INFO]: Searching for tweaks in 'ForgeRelocation-1.7.10-0.0.1.4-universal.jar'
[15:50:53] [main/WARN]: Error parsing manifest entries in 'D:\DataProgram\TwitchData\Minecraft\Instances\Luequive Origins\mods\1.7.10\ForgeRelocation-1.7.10-0.0.1.4-universal.jar'
[15:50:53] [main/INFO]: Searching for tweaks in 'ForgeRelocationFMP-1.7.10-0.0.1.2-universal.jar'
[15:50:53] [main/WARN]: Error parsing manifest entries in 'D:\DataProgram\TwitchData\Minecraft\Instances\Luequive Origins\mods\1.7.10\ForgeRelocationFMP-1.7.10-0.0.1.2-universal.jar'
[15:50:53] [main/INFO]: Searching for tweaks in 'MrTJPCore-1.7.10-1.1.0.33-universal.jar'
[15:50:53] [main/WARN]: Error parsing manifest entries in 'D:\DataProgram\TwitchData\Minecraft\Instances\Luequive Origins\mods\1.7.10\MrTJPCore-1.7.10-1.1.0.33-universal.jar'
[15:50:53] [main/INFO]: Searching for tweaks in 'RedGearCore-1.7.10-2.1.3.jar'
[15:50:53] [main/WARN]: Error parsing manifest entries in 'D:\DataProgram\TwitchData\Minecraft\Instances\Luequive Origins\mods\1.7.10\RedGearCore-1.7.10-2.1.3.jar'
[15:50:53] [main/INFO]: Searching for tweaks in '[1.7.10]bspkrsCore-universal-6.15.jar'
[15:50:53] [main/WARN]: Error parsing manifest entries in 'D:\DataProgram\TwitchData\Minecraft\Instances\Luequive Origins\mods\1.7.10\[1.7.10]bspkrsCore-universal-6.15.jar'
[15:50:53] [main/INFO]: Mod file 'mod_betterClouds-1.0.1_for_1.7.10.litemod' provides classTransformer 'com.mamiyaotaru.betterclouds.BetterCloudsTransformer', adding to class loader
[15:50:53] [main/INFO]: classTransformer 'com.mamiyaotaru.betterclouds.BetterCloudsTransformer' was successfully added
[15:50:53] [main/INFO]: Mod file 'mod_voxelMap_1.7.0b_for_1.7.10.litemod' provides classTransformer 'com.thevoxelbox.voxelmap.litemod.VoxelMapTransformer', adding to class loader
[15:50:53] [main/INFO]: classTransformer 'com.thevoxelbox.voxelmap.litemod.VoxelMapTransformer' was successfully added
[15:50:53] [main/INFO]: Mod file 'lib_voxellib_2.3.1_mc1.7.10-client.litemod' provides classTransformer 'com.thevoxelbox.common.TimeUpdateTransformer', adding to class loader
[15:50:53] [main/INFO]: classTransformer 'com.thevoxelbox.common.TimeUpdateTransformer' was successfully added
[15:50:53] [main/INFO]: LiteLoader PREINIT complete
[15:50:54] [main/INFO]: Injecting onstartupcomplete[x1] in func_71384_a in Minecraft
[15:50:54] [main/INFO]: Injecting prerenderfbo[x1] in func_71411_J in Minecraft
[15:50:54] [main/INFO]: Injecting postrenderfbo[x1] in func_71411_J in Minecraft
[15:50:54] [main/INFO]: Injecting ontimerupdate[x1] in func_71411_J in Minecraft
[15:50:54] [main/INFO]: Injecting onrender[x1] in func_71411_J in Minecraft
[15:50:54] [main/INFO]: Injecting ontick[x1] in func_71411_J in Minecraft
[15:50:54] [main/INFO]: Injecting shutdown[x1] in func_71400_g in Minecraft
[15:50:54] [main/INFO]: Injecting updateframebuffersize[x1] in func_147119_ah in Minecraft
[15:50:54] [main/INFO]: Injecting newtick[x1] in func_71407_l in Minecraft
[15:50:54] [main/INFO]: Applying overlay com.mumfrey.liteloader.client.overlays.MinecraftOverlay to net.minecraft.client.Minecraft
[15:50:55] [main/INFO]: MinecraftOverlayTransformer found INIT injection point, this is good.
[15:50:55] [main/INFO]: Injecting onoutboundchat[x1] in func_71165_d in EntityClientPlayerMP
[15:50:55] [main/INFO]: Injecting onc16packetclientstatus[x1] in func_148833_a in C16PacketClientStatus
[15:50:55] [main/INFO]: Injecting onrenderchat[x1] in func_73830_a in GuiIngame
[15:50:55] [main/INFO]: Injecting postrenderchat[x1] in func_73830_a in GuiIngame
[15:50:55] [main/INFO]: Injecting onc00handshake[x1] in func_148833_a in C00Handshake
[15:50:55] [main/INFO]: Injecting onc00packetloginstart[x1] in func_148833_a in C00PacketLoginStart
[15:50:55] [main/INFO]: Injecting ons03packettimeupdate[x1] in func_148833_a in S03PacketTimeUpdate
[15:50:55] [main/INFO]: PacketTransformer: Running transformer com.thevoxelbox.common.TimeUpdateTransformer for ih
[15:50:57] [main/INFO]: Injecting ons34packetmaps[x1] in func_148833_a in S34PacketMaps
[15:50:58] [Client thread/INFO]: Injecting onc15packetclientsettings[x1] in func_148833_a in C15PacketClientSettings
[15:50:59] [Client thread/INFO]: Injecting oncreateintegratedserver[x1] in <init> in IntegratedServer
[15:50:59] [Client thread/INFO]: Injecting prerendergui[x1] in func_78480_b in EntityRenderer
[15:50:59] [Client thread/INFO]: Injecting onrenderhud[x1] in func_78480_b in EntityRenderer
[15:50:59] [Client thread/INFO]: Injecting postrenderhud[x1] in func_78480_b in EntityRenderer
[15:50:59] [Client thread/INFO]: Injecting prerenderhand[x1] in func_78471_a in EntityRenderer
[15:50:59] [Client thread/INFO]: Injecting onrenderworld[x1] in func_78471_a in EntityRenderer
[15:50:59] [Client thread/INFO]: Injecting onsetupcameratransform[x1] in func_78471_a in EntityRenderer
[15:50:59] [Client thread/INFO]: Injecting postrenderentities[x1] in func_78471_a in EntityRenderer
[15:50:59] [Client thread/INFO]: Injecting postrender[x1] in func_78471_a in EntityRenderer
[15:50:59] [Client thread/INFO]: Injecting postrender[x1] in func_78471_a in EntityRenderer
[15:50:59] [Client thread/INFO]: Injecting renderclouds[x1] in func_82829_a in EntityRenderer
[15:50:59] [Client thread/INFO]: Injecting ons35packetupdatetileentity[x1] in func_148833_a in S35PacketUpdateTileEntity
[15:51:00] [Client thread/INFO]: Injecting renderfbo[x1] in func_147615_c in Framebuffer
[15:51:01] [Client thread/INFO]: Generating new Event Handler Proxy Class com.mumfrey.liteloader.core.event.EventProxy
[15:51:01] [Client thread/INFO]: Successfully generated event handler proxy class with 31 handlers(s) and 31 total invokations
[15:51:21] [Client thread/INFO]: Injecting ons07packetrespawn[x1] in func_148833_a in S07PacketRespawn
[15:51:21] [Client thread/INFO]: Injecting ons1dpacketentityeffect[x1] in func_148833_a in S1DPacketEntityEffect
[15:51:22] [Client thread/INFO]: Injecting onc0dpacketclosewindow[x1] in func_148833_a in C0DPacketCloseWindow
[15:51:28] [Client thread/INFO]: Injecting ons2bpacketchangegamestate[x1] in func_148833_a in S2BPacketChangeGameState
[15:51:28] [Client thread/INFO]: Injecting ons2cpacketspawnglobalentity[x1] in func_148833_a in S2CPacketSpawnGlobalEntity
[15:51:28] [Client thread/INFO]: Injecting ons27packetexplosion[x1] in func_148833_a in S27PacketExplosion
[15:51:28] [Client thread/INFO]: Injecting ons2apacketparticles[x1] in func_148833_a in S2APacketParticles
[15:51:28] [Client thread/INFO]: Injecting ons24packetblockaction[x1] in func_148833_a in S24PacketBlockAction
[15:51:28] [Client thread/INFO]: Injecting ons19packetentitystatus[x1] in func_148833_a in S19PacketEntityStatus
[15:51:34] [Client thread/INFO]: Injecting onc07packetplayerdigging[x1] in func_148833_a in C07PacketPlayerDigging
[15:51:34] [Client thread/INFO]: Injecting onc09packethelditemchange[x1] in func_148833_a in C09PacketHeldItemChange
[15:51:34] [Client thread/INFO]: Injecting onc10packetcreativeinventoryaction[x1] in func_148833_a in C10PacketCreativeInventoryAction
[15:51:34] [Client thread/INFO]: Injecting onc02packetuseentity[x1] in func_148833_a in C02PacketUseEntity
[15:51:34] [Client thread/INFO]: Injecting onc11packetenchantitem[x1] in func_148833_a in C11PacketEnchantItem
[15:51:34] [Client thread/INFO]: Injecting onc0epacketclickwindow[x1] in func_148833_a in C0EPacketClickWindow
[15:51:34] [Client thread/INFO]: Injecting onc08packetplayerblockplacement[x1] in func_148833_a in C08PacketPlayerBlockPlacement
[15:51:35] [Client thread/INFO]: Injecting ons04packetentityequipment[x1] in func_148833_a in S04PacketEntityEquipment
[15:51:35] [Client thread/INFO]: Injecting ons0dpacketcollectitem[x1] in func_148833_a in S0DPacketCollectItem
[15:51:35] [Client thread/INFO]: Injecting ons0bpacketanimation[x1] in func_148833_a in S0BPacketAnimation
[15:51:35] [Client thread/INFO]: Injecting ons1bpacketentityattach[x1] in func_148833_a in S1BPacketEntityAttach
[15:51:37] [Client thread/INFO]: Injecting ons23packetblockchange[x1] in func_148833_a in S23PacketBlockChange
[15:51:40] [Client thread/INFO]: Injecting ons12packetentityvelocity[x1] in func_148833_a in S12PacketEntityVelocity
[15:51:52] [Client thread/INFO]: JInput Component Registry is initialising...
[15:51:52] [Client thread/INFO]: Inspecting Keyboard controller HID Keyboard Device on Unknown...
[15:51:52] [Client thread/INFO]: Inspecting Mouse controller HID-compliant mouse on Unknown...
[15:51:52] [Client thread/INFO]: JInput Component Registry initialised, found 2 controller(s) 125 component(s)
[15:51:52] [Client thread/INFO]: Injecting onc17packetcustompayload[x1] in func_148833_a in C17PacketCustomPayload
[15:51:52] [Client thread/INFO]: Injecting ons3fpacketcustompayload[x1] in func_148833_a in S3FPacketCustomPayload
[15:51:52] [Client thread/INFO]: LiteLoader begin INIT...
[15:51:52] [Client thread/INFO]: Baking listener list for CoreProvider with 2 listeners
[15:51:52] [Client thread/INFO]: Injecting external mods into class path...
[15:51:52] [Client thread/INFO]: Successfully injected mod file 'D:\DataProgram\TwitchData\Minecraft\Instances\Luequive Origins\mods\mod_MAtmos_29ub4_mc1.7.10.litemod' into classpath
[15:51:52] [Client thread/INFO]: Successfully injected mod file 'D:\DataProgram\TwitchData\Minecraft\Instances\Luequive Origins\mods\TabbyChat-1.7.10-1.11.2.2-liteloader.litemod' into classpath
[15:51:52] [Client thread/INFO]: Injecting external mods into class path...
[15:51:52] [Client thread/INFO]: Discovering mods on class path...
[15:51:52] [Client thread/INFO]: Searching D:\DataProgram\TwitchData\Minecraft\Install\libraries\net\minecraftforge\forge\1.7.10-10.13.4.1614-1.7.10\forge-1.7.10-10.13.4.1614-1.7.10.jar...
[15:51:52] [Client thread/INFO]: Searching D:\DataProgram\TwitchData\Minecraft\Install\libraries\net\minecraft\launchwrapper\1.12\launchwrapper-1.12.jar...
[15:51:52] [Client thread/INFO]: Searching D:\DataProgram\TwitchData\Minecraft\Install\libraries\org\ow2\asm\asm-all\5.0.3\asm-all-5.0.3.jar...
[15:51:52] [Client thread/INFO]: Searching D:\DataProgram\TwitchData\Minecraft\Install\libraries\com\typesafe\akka\akka-actor_2.11\2.3.3\akka-actor_2.11-2.3.3.jar...
[15:51:52] [Client thread/INFO]: Searching D:\DataProgram\TwitchData\Minecraft\Install\libraries\com\typesafe\config\1.2.1\config-1.2.1.jar...
[15:51:52] [Client thread/INFO]: Searching D:\DataProgram\TwitchData\Minecraft\Install\libraries\org\scala-lang\scala-actors-migration_2.11\1.1.0\scala-actors-migration_2.11-1.1.0.jar...
[15:51:52] [Client thread/INFO]: Searching D:\DataProgram\TwitchData\Minecraft\Install\libraries\org\scala-lang\scala-compiler\2.11.1\scala-compiler-2.11.1.jar...
[15:51:52] [Client thread/INFO]: Searching D:\DataProgram\TwitchData\Minecraft\Install\libraries\org\scala-lang\plugins\scala-continuations-library_2.11\1.0.2\scala-continuations-library_2.11-1.0.2.jar...
[15:51:52] [Client thread/INFO]: Searching D:\DataProgram\TwitchData\Minecraft\Install\libraries\org\scala-lang\plugins\scala-continuations-plugin_2.11.1\1.0.2\scala-continuations-plugin_2.11.1-1.0.2.jar...
[15:51:52] [Client thread/INFO]: Searching D:\DataProgram\TwitchData\Minecraft\Install\libraries\org\scala-lang\scala-library\2.11.1\scala-library-2.11.1.jar...
[15:51:52] [Client thread/INFO]: Searching D:\DataProgram\TwitchData\Minecraft\Install\libraries\org\scala-lang\scala-parser-combinators_2.11\1.0.1\scala-parser-combinators_2.11-1.0.1.jar...
[15:51:52] [Client thread/INFO]: Searching D:\DataProgram\TwitchData\Minecraft\Install\libraries\org\scala-lang\scala-reflect\2.11.1\scala-reflect-2.11.1.jar...
[15:51:52] [Client thread/INFO]: Searching D:\DataProgram\TwitchData\Minecraft\Install\libraries\org\scala-lang\scala-swing_2.11\1.0.1\scala-swing_2.11-1.0.1.jar...
[15:51:53] [Client thread/INFO]: Searching D:\DataProgram\TwitchData\Minecraft\Install\libraries\org\scala-lang\scala-xml_2.11\1.0.2\scala-xml_2.11-1.0.2.jar...
[15:51:53] [Client thread/INFO]: Searching D:\DataProgram\TwitchData\Minecraft\Install\libraries\lzma\lzma\0.0.1\lzma-0.0.1.jar...
[15:51:53] [Client thread/INFO]: Searching D:\DataProgram\TwitchData\Minecraft\Install\libraries\net\sf\jopt-simple\jopt-simple\4.5\jopt-simple-4.5.jar...
[15:51:53] [Client thread/INFO]: Searching D:\DataProgram\TwitchData\Minecraft\Install\libraries\com\google\guava\guava\17.0\guava-17.0.jar...
[15:51:53] [Client thread/INFO]: Searching D:\DataProgram\TwitchData\Minecraft\Install\libraries\org\apache\commons\commons-lang3\3.3.2\commons-lang3-3.3.2.jar...
[15:51:53] [Client thread/INFO]: Searching D:\DataProgram\TwitchData\Minecraft\Install\libraries\com\mojang\netty\1.6\netty-1.6.jar...
[15:51:53] [Client thread/INFO]: Searching D:\DataProgram\TwitchData\Minecraft\Install\libraries\com\mojang\realms\1.3.5\realms-1.3.5.jar...
[15:51:53] [Client thread/INFO]: Searching D:\DataProgram\TwitchData\Minecraft\Install\libraries\org\apache\commons\commons-compress\1.8.1\commons-compress-1.8.1.jar...
[15:51:53] [Client thread/INFO]: Searching D:\DataProgram\TwitchData\Minecraft\Install\libraries\org\apache\httpcomponents\httpclient\4.3.3\httpclient-4.3.3.jar...
[15:51:53] [Client thread/INFO]: Searching D:\DataProgram\TwitchData\Minecraft\Install\libraries\commons-logging\commons-logging\1.1.3\commons-logging-1.1.3.jar...
[15:51:53] [Client thread/INFO]: Searching D:\DataProgram\TwitchData\Minecraft\Install\libraries\org\apache\httpcomponents\httpcore\4.3.2\httpcore-4.3.2.jar...
[15:51:53] [Client thread/INFO]: Searching D:\DataProgram\TwitchData\Minecraft\Install\libraries\java3d\vecmath\1.3.1\vecmath-1.3.1.jar...
[15:51:53] [Client thread/INFO]: Searching D:\DataProgram\TwitchData\Minecraft\Install\libraries\net\sf\trove4j\trove4j\3.0.3\trove4j-3.0.3.jar...
[15:51:53] [Client thread/INFO]: Searching D:\DataProgram\TwitchData\Minecraft\Install\libraries\com\ibm\icu\icu4j-core-mojang\51.2\icu4j-core-mojang-51.2.jar...
[15:51:53] [Client thread/INFO]: Searching D:\DataProgram\TwitchData\Minecraft\Install\libraries\net\sf\jopt-simple\jopt-simple\4.5\jopt-simple-4.5.jar...
[15:51:53] [Client thread/INFO]: Searching D:\DataProgram\TwitchData\Minecraft\Install\libraries\com\paulscode\codecjorbis\20101023\codecjorbis-20101023.jar...
[15:51:53] [Client thread/INFO]: Searching D:\DataProgram\TwitchData\Minecraft\Install\libraries\com\paulscode\codecwav\20101023\codecwav-20101023.jar...
[15:51:53] [Client thread/INFO]: Searching D:\DataProgram\TwitchData\Minecraft\Install\libraries\com\paulscode\libraryjavasound\20101123\libraryjavasound-20101123.jar...
[15:51:53] [Client thread/INFO]: Searching D:\DataProgram\TwitchData\Minecraft\Install\libraries\com\paulscode\librarylwjglopenal\20100824\librarylwjglopenal-20100824.jar...
[15:51:53] [Client thread/INFO]: Searching D:\DataProgram\TwitchData\Minecraft\Install\libraries\com\paulscode\soundsystem\20120107\soundsystem-20120107.jar...
[15:51:53] [Client thread/INFO]: Searching D:\DataProgram\TwitchData\Minecraft\Install\libraries\io\netty\netty-all\4.0.10.Final\netty-all-4.0.10.Final.jar...
[15:51:53] [Client thread/INFO]: Searching D:\DataProgram\TwitchData\Minecraft\Install\libraries\com\google\guava\guava\15.0\guava-15.0.jar...
[15:51:53] [Client thread/INFO]: Searching D:\DataProgram\TwitchData\Minecraft\Install\libraries\org\apache\commons\commons-lang3\3.1\commons-lang3-3.1.jar...
[15:51:53] [Client thread/INFO]: Searching D:\DataProgram\TwitchData\Minecraft\Install\libraries\commons-io\commons-io\2.4\commons-io-2.4.jar...
[15:51:53] [Client thread/INFO]: Searching D:\DataProgram\TwitchData\Minecraft\Install\libraries\commons-codec\commons-codec\1.9\commons-codec-1.9.jar...
[15:51:53] [Client thread/INFO]: Searching D:\DataProgram\TwitchData\Minecraft\Install\libraries\net\java\jinput\jinput\2.0.5\jinput-2.0.5.jar...
[15:51:53] [Client thread/INFO]: Searching D:\DataProgram\TwitchData\Minecraft\Install\libraries\net\java\jutils\jutils\1.0.0\jutils-1.0.0.jar...
[15:51:53] [Client thread/INFO]: Searching D:\DataProgram\TwitchData\Minecraft\Install\libraries\com\google\code\gson\gson\2.2.4\gson-2.2.4.jar...
[15:51:53] [Client thread/INFO]: Searching D:\DataProgram\TwitchData\Minecraft\Install\libraries\com\mojang\authlib\1.5.21\authlib-1.5.21.jar...
[15:51:53] [Client thread/INFO]: Searching D:\DataProgram\TwitchData\Minecraft\Install\libraries\org\apache\logging\log4j\log4j-api\2.0-beta9\log4j-api-2.0-beta9.jar...
[15:51:53] [Client thread/INFO]: Searching D:\DataProgram\TwitchData\Minecraft\Install\libraries\org\apache\logging\log4j\log4j-core\2.0-beta9\log4j-core-2.0-beta9.jar...
[15:51:53] [Client thread/INFO]: Searching D:\DataProgram\TwitchData\Minecraft\Install\libraries\org\lwjgl\lwjgl\lwjgl\2.9.1\lwjgl-2.9.1.jar...
[15:51:53] [Client thread/INFO]: Searching D:\DataProgram\TwitchData\Minecraft\Install\libraries\org\lwjgl\lwjgl\lwjgl_util\2.9.1\lwjgl_util-2.9.1.jar...
[15:51:53] [Client thread/INFO]: Searching D:\DataProgram\TwitchData\Minecraft\Install\libraries\tv\twitch\twitch\5.16\twitch-5.16.jar...
[15:51:53] [Client thread/INFO]: Searching D:\DataProgram\TwitchData\Minecraft\Install\versions\1.7.10\1.7.10.jar...
[15:51:53] [Client thread/INFO]: Discovering mods in valid mod files...
[15:51:53] [Client thread/INFO]: Searching D:\DataProgram\TwitchData\Minecraft\Instances\Luequive Origins\mods\mod_betterClouds-1.0.1_for_1.7.10.litemod...
[15:51:53] [Client thread/INFO]: Found 1 potential matches
[15:51:53] [Client thread/INFO]: Searching D:\DataProgram\TwitchData\Minecraft\Instances\Luequive Origins\mods\mod_MAtmos_29ub4_mc1.7.10.litemod...
[15:51:53] [Client thread/INFO]: Found 1 potential matches
[15:51:53] [Client thread/INFO]: Searching D:\DataProgram\TwitchData\Minecraft\Instances\Luequive Origins\mods\mod_voxelMap_1.7.0b_for_1.7.10.litemod...
[15:51:53] [Client thread/INFO]: Found 1 potential matches
[15:51:53] [Client thread/INFO]: Searching D:\DataProgram\TwitchData\Minecraft\Instances\Luequive Origins\mods\TabbyChat-1.7.10-1.11.2.2-liteloader.litemod...
[15:51:53] [Client thread/INFO]: Found 1 potential matches
[15:51:53] [Client thread/INFO]: Searching D:\DataProgram\TwitchData\Minecraft\Instances\Luequive Origins\mods\lib_voxellib_2.3.1_mc1.7.10-client.litemod...
[15:51:53] [Client thread/INFO]: Found 1 potential matches
[15:51:53] [Client thread/INFO]: Discovering mods in valid mod files...
[15:51:53] [Client thread/INFO]: Mod class discovery completed
[15:51:53] [Client thread/INFO]: LiteLoader begin POSTINIT...
[15:51:53] [Client thread/INFO]: Inhibiting sound handler reload
[15:51:53] [Client thread/INFO]: Registering interface provider com.mumfrey.liteloader.client.ClientEvents for API LiteLoader core API
[15:51:53] [Client thread/INFO]: Injecting onc01packetchatmessage[x1] in func_148833_a in C01PacketChatMessage
[15:51:53] [Client thread/INFO]: Injecting onplayerlogin[x1] in func_72377_c in ServerConfigurationManager
[15:51:53] [Client thread/INFO]: Injecting onplayerlogout[x1] in func_72367_e in ServerConfigurationManager
[15:51:53] [Client thread/INFO]: Injecting onspawnplayer[x1] in func_148545_a in ServerConfigurationManager
[15:51:53] [Client thread/INFO]: Injecting onrespawnplayer[x1] in func_72368_a in ServerConfigurationManager
[15:51:53] [Client thread/INFO]: Registering interface provider com.mumfrey.liteloader.client.PacketEventsClient for API LiteLoader core API
[15:51:53] [Client thread/INFO]: Injecting ons02packetchat[x1] in func_148833_a in S02PacketChat
[15:51:53] [Client thread/INFO]: Injecting ons02packetloginsuccess[x1] in func_148833_a in S02PacketLoginSuccess
[15:51:53] [Client thread/INFO]: Injecting ons01packetjoingame[x1] in func_148833_a in S01PacketJoinGame
[15:51:53] [Client thread/INFO]: Registering interface provider com.mumfrey.liteloader.client.ClientPluginChannelsClient for API LiteLoader core API
[15:51:53] [Client thread/INFO]: Registering interface provider com.mumfrey.liteloader.core.ServerPluginChannels for API LiteLoader core API
[15:51:53] [Client thread/INFO]: Registering interface provider com.mumfrey.liteloader.messaging.MessageBus for API LiteLoader core API
[15:51:53] [Client thread/INFO]: Discovered 5 total mod(s), injected 0 tweak(s)
[15:51:53] [Client thread/INFO]: Loading mod from com.mamiyaotaru.betterclouds.LiteModBetterClouds
[15:51:53] [Client thread/INFO]: Baking listener list for ModLoadObserver with 0 listeners
[15:51:53] [Client thread/INFO]: Successfully added mod BetterClouds version 1.0.1
[15:51:53] [Client thread/INFO]: Adding "D:\DataProgram\TwitchData\Minecraft\Instances\Luequive Origins\mods\mod_betterClouds-1.0.1_for_1.7.10.litemod" to active resource pack set
[15:51:53] [Client thread/INFO]: Setting up "mod_betterClouds-1.0.1_for_1.7.10.litemod" as mod resource pack with identifier "BetterClouds"
[15:51:53] [Client thread/INFO]: Successfully added "D:\DataProgram\TwitchData\Minecraft\Instances\Luequive Origins\mods\mod_betterClouds-1.0.1_for_1.7.10.litemod" to active resource pack set
[15:51:53] [Client thread/INFO]: Loading mod from eu.ha3.matmos.game.mod.LiteModMAtmos
[15:51:53] [Client thread/INFO]: Successfully added mod MAtmos version r29 for 1.7.10
[15:51:53] [Client thread/INFO]: Adding "D:\DataProgram\TwitchData\Minecraft\Instances\Luequive Origins\mods\mod_MAtmos_29ub4_mc1.7.10.litemod" to active resource pack set
[15:51:53] [Client thread/INFO]: Setting up "mod_MAtmos_29ub4_mc1.7.10.litemod" as mod resource pack with identifier "MAtmos"
[15:51:53] [Client thread/INFO]: Successfully added "D:\DataProgram\TwitchData\Minecraft\Instances\Luequive Origins\mods\mod_MAtmos_29ub4_mc1.7.10.litemod" to active resource pack set
[15:51:53] [Client thread/INFO]: Loading mod from com.thevoxelbox.voxelmap.litemod.LiteModVoxelMap
[15:51:53] [Client thread/INFO]: Successfully added mod VoxelMap version 1.7.0
[15:51:53] [Client thread/INFO]: Adding "D:\DataProgram\TwitchData\Minecraft\Instances\Luequive Origins\mods\mod_voxelMap_1.7.0b_for_1.7.10.litemod" to active resource pack set
[15:51:53] [Client thread/INFO]: Setting up "mod_voxelMap_1.7.0b_for_1.7.10.litemod" as mod resource pack with identifier "VoxelMap"
[15:51:53] [Client thread/INFO]: Successfully added "D:\DataProgram\TwitchData\Minecraft\Instances\Luequive Origins\mods\mod_voxelMap_1.7.0b_for_1.7.10.litemod" to active resource pack set
[15:51:53] [Client thread/INFO]: Loading mod from acs.tabbychat.core.LiteModTabbyChat
[15:51:53] [Client thread/INFO]: Successfully added mod TabbyChat version 1.11.2.2
[15:51:53] [Client thread/INFO]: Adding "D:\DataProgram\TwitchData\Minecraft\Instances\Luequive Origins\mods\TabbyChat-1.7.10-1.11.2.2-liteloader.litemod" to active resource pack set
[15:51:53] [Client thread/INFO]: Setting up "TabbyChat-1.7.10-1.11.2.2-liteloader.litemod" as mod resource pack with identifier "TabbyChat"
[15:51:53] [Client thread/INFO]: Successfully added "D:\DataProgram\TwitchData\Minecraft\Instances\Luequive Origins\mods\TabbyChat-1.7.10-1.11.2.2-liteloader.litemod" to active resource pack set
[15:51:53] [Client thread/INFO]: Loading mod from com.thevoxelbox.common.LiteModVoxelCommon
[15:51:53] [Client thread/INFO]: Successfully added mod VoxelLib version 2.3.1
[15:51:53] [Client thread/INFO]: Adding "D:\DataProgram\TwitchData\Minecraft\Instances\Luequive Origins\mods\lib_voxellib_2.3.1_mc1.7.10-client.litemod" to active resource pack set
[15:51:53] [Client thread/INFO]: Setting up "lib_voxellib_2.3.1_mc1.7.10-client.litemod" as mod resource pack with identifier "VoxelLib"
[15:51:53] [Client thread/INFO]: Successfully added "D:\DataProgram\TwitchData\Minecraft\Instances\Luequive Origins\mods\lib_voxellib_2.3.1_mc1.7.10-client.litemod" to active resource pack set
[15:51:53] [Client thread/INFO]: Initialising mod BetterClouds version 1.0.1
[15:51:53] [Client thread/INFO]: Initialising mod MAtmos version r29 for 1.7.10
[15:51:53] [Client thread/INFO]: Initialising mod VoxelMap version 1.7.0
[15:51:53] [Client thread/INFO]: Initialising mod TabbyChat version 1.11.2.2
[15:51:53] [Client thread/INFO]: Initialising mod VoxelLib version 2.3.1
[15:51:53] [Client thread/INFO]: Baking listener list for InterfaceObserver with 0 listeners
[15:51:59] [Client thread/INFO]: Injecting ons21packetchunkdata[x1] in func_148833_a in S21PacketChunkData
[15:52:00] [Client thread/INFO]: Injecting ons00packetkeepalive[x1] in func_148833_a in S00PacketKeepAlive
[15:52:00] [Client thread/INFO]: Injecting ons05packetspawnposition[x1] in func_148833_a in S05PacketSpawnPosition
[15:52:00] [Client thread/INFO]: Injecting ons06packetupdatehealth[x1] in func_148833_a in S06PacketUpdateHealth
[15:52:00] [Client thread/INFO]: Injecting ons08packetplayerposlook[x1] in func_148833_a in S08PacketPlayerPosLook
[15:52:00] [Client thread/INFO]: Injecting ons09packethelditemchange[x1] in func_148833_a in S09PacketHeldItemChange
[15:52:00] [Client thread/INFO]: Injecting ons0apacketusebed[x1] in func_148833_a in S0APacketUseBed
[15:52:00] [Client thread/INFO]: Injecting ons0cpacketspawnplayer[x1] in func_148833_a in S0CPacketSpawnPlayer
[15:52:00] [Client thread/INFO]: Injecting ons0epacketspawnobject[x1] in func_148833_a in S0EPacketSpawnObject
[15:52:00] [Client thread/INFO]: Injecting ons0fpacketspawnmob[x1] in func_148833_a in S0FPacketSpawnMob
[15:52:00] [Client thread/INFO]: Injecting ons10packetspawnpainting[x1] in func_148833_a in S10PacketSpawnPainting
[15:52:00] [Client thread/INFO]: Injecting ons11packetspawnexperienceorb[x1] in func_148833_a in S11PacketSpawnExperienceOrb
[15:52:00] [Client thread/INFO]: Injecting ons13packetdestroyentities[x1] in func_148833_a in S13PacketDestroyEntities
[15:52:00] [Client thread/INFO]: Injecting ons14packetentity[x1] in func_148833_a in S14PacketEntity
[15:52:00] [Client thread/INFO]: Injecting ons15packetentityrelmove[x1] in func_148833_a in S14PacketEntity$S15PacketEntityRelMove
[15:52:00] [Client thread/INFO]: Injecting ons16packetentitylook[x1] in func_148833_a in S14PacketEntity$S16PacketEntityLook
[15:52:00] [Client thread/INFO]: Injecting ons17packetentitylookmove[x1] in func_148833_a in S14PacketEntity$S17PacketEntityLookMove
[15:52:00] [Client thread/INFO]: Injecting ons18packetentityteleport[x1] in func_148833_a in S18PacketEntityTeleport
[15:52:00] [Client thread/INFO]: Injecting ons19packetentityheadlook[x1] in func_148833_a in S19PacketEntityHeadLook
[15:52:00] [Client thread/INFO]: Injecting ons1cpacketentitymetadata[x1] in func_148833_a in S1CPacketEntityMetadata
[15:52:00] [Client thread/INFO]: Injecting ons1epacketremoveentityeffect[x1] in func_148833_a in S1EPacketRemoveEntityEffect
[15:52:00] [Client thread/INFO]: Injecting ons1fpacketsetexperience[x1] in func_148833_a in S1FPacketSetExperience
[15:52:00] [Client thread/INFO]: Injecting ons20packetentityproperties[x1] in func_148833_a in S20PacketEntityProperties
[15:52:00] [Client thread/INFO]: Injecting ons22packetmultiblockchange[x1] in func_148833_a in S22PacketMultiBlockChange
[15:52:00] [Client thread/INFO]: Injecting ons25packetblockbreakanim[x1] in func_148833_a in S25PacketBlockBreakAnim
[15:52:00] [Client thread/INFO]: Injecting ons26packetmapchunkbulk[x1] in func_148833_a in S26PacketMapChunkBulk
[15:52:00] [Client thread/INFO]: Injecting ons28packeteffect[x1] in func_148833_a in S28PacketEffect
[15:52:00] [Client thread/INFO]: Injecting ons29packetsoundeffect[x1] in func_148833_a in S29PacketSoundEffect
[15:52:00] [Client thread/INFO]: Injecting ons2dpacketopenwindow[x1] in func_148833_a in S2DPacketOpenWindow
[15:52:00] [Client thread/INFO]: Injecting ons2epacketclosewindow[x1] in func_148833_a in S2EPacketCloseWindow
[15:52:00] [Client thread/INFO]: Injecting ons2fpacketsetslot[x1] in func_148833_a in S2FPacketSetSlot
[15:52:00] [Client thread/INFO]: Injecting ons30packetwindowitems[x1] in func_148833_a in S30PacketWindowItems
[15:52:00] [Client thread/INFO]: Injecting ons31packetwindowproperty[x1] in func_148833_a in S31PacketWindowProperty
[15:52:00] [Client thread/INFO]: Injecting ons32packetconfirmtransaction[x1] in func_148833_a in S32PacketConfirmTransaction
[15:52:00] [Client thread/INFO]: Injecting ons33packetupdatesign[x1] in func_148833_a in S33PacketUpdateSign
[15:52:00] [Client thread/INFO]: Injecting ons36packetsigneditoropen[x1] in func_148833_a in S36PacketSignEditorOpen
[15:52:00] [Client thread/INFO]: Injecting ons37packetstatistics[x1] in func_148833_a in S37PacketStatistics
[15:52:00] [Client thread/INFO]: Injecting ons38packetplayerlistitem[x1] in func_148833_a in S38PacketPlayerListItem
[15:52:00] [Client thread/INFO]: Injecting ons39packetplayerabilities[x1] in func_148833_a in S39PacketPlayerAbilities
[15:52:00] [Client thread/INFO]: Injecting ons3apackettabcomplete[x1] in func_148833_a in S3APacketTabComplete
[15:52:00] [Client thread/INFO]: Injecting ons3bpacketscoreboardobjective[x1] in func_148833_a in S3BPacketScoreboardObjective
[15:52:00] [Client thread/INFO]: Injecting ons3cpacketupdatescore[x1] in func_148833_a in S3CPacketUpdateScore
[15:52:00] [Client thread/INFO]: Injecting ons3dpacketdisplayscoreboard[x1] in func_148833_a in S3DPacketDisplayScoreboard
[15:52:00] [Client thread/INFO]: Injecting ons3epacketteams[x1] in func_148833_a in S3EPacketTeams
[15:52:00] [Client thread/INFO]: Injecting ons40packetdisconnect[x1] in func_148833_a in S40PacketDisconnect
[15:52:00] [Client thread/INFO]: Injecting onc00packetkeepalive[x1] in func_148833_a in C00PacketKeepAlive
[15:52:00] [Client thread/INFO]: Injecting onc03packetplayer[x1] in func_148833_a in C03PacketPlayer
[15:52:00] [Client thread/INFO]: Injecting onc04packetplayerposition[x1] in func_148833_a in C03PacketPlayer$C04PacketPlayerPosition
[15:52:00] [Client thread/INFO]: Injecting onc05packetplayerlook[x1] in func_148833_a in C03PacketPlayer$C05PacketPlayerLook
[15:52:00] [Client thread/INFO]: Injecting onc06packetplayerposlook[x1] in func_148833_a in C03PacketPlayer$C06PacketPlayerPosLook
[15:52:00] [Client thread/INFO]: Injecting onc0apacketanimation[x1] in func_148833_a in C0APacketAnimation
[15:52:00] [Client thread/INFO]: Injecting onc0bpacketentityaction[x1] in func_148833_a in C0BPacketEntityAction
[15:52:00] [Client thread/INFO]: Injecting onc0cpacketinput[x1] in func_148833_a in C0CPacketInput
[15:52:00] [Client thread/INFO]: Injecting onc0fpacketconfirmtransaction[x1] in func_148833_a in C0FPacketConfirmTransaction
[15:52:00] [Client thread/INFO]: Injecting onc12packetupdatesign[x1] in func_148833_a in C12PacketUpdateSign
[15:52:00] [Client thread/INFO]: Injecting onc13packetplayerabilities[x1] in func_148833_a in C13PacketPlayerAbilities
[15:52:00] [Client thread/INFO]: Injecting onc14packettabcomplete[x1] in func_148833_a in C14PacketTabComplete
[15:52:00] [Client thread/INFO]: Injecting ons00packetserverinfo[x1] in func_148833_a in S00PacketServerInfo
[15:52:00] [Client thread/INFO]: Injecting ons01packetpong[x1] in func_148833_a in S01PacketPong
[15:52:00] [Client thread/INFO]: Injecting ons00packetdisconnect[x1] in func_148833_a in S00PacketDisconnect
[15:52:00] [Client thread/INFO]: Injecting ons01packetencryptionrequest[x1] in func_148833_a in S01PacketEncryptionRequest
[15:52:00] [Client thread/INFO]: Injecting onc01packetencryptionresponse[x1] in func_148833_a in C01PacketEncryptionResponse
[15:52:30] [Client thread/INFO]: Calling late init for mod BetterClouds
[15:52:30] [Client thread/INFO]: Calling late init for mod MAtmos
[15:52:30] [Client thread/INFO]: Calling late init for mod VoxelMap
[15:52:31] [Client thread/INFO]: Baking listener list for ViewportListener with 0 listeners
[15:52:31] [Client thread/INFO]: Sound handler reload inhibit removed
[15:52:31] [Client thread/INFO]: Reloading sound handler
[15:52:31] [Client thread/INFO]: Baking listener list for GameLoopListener with 0 listeners
[15:52:32] [Client thread/INFO]: Baking listener list for RenderListener with 0 listeners
[15:52:32] [Client thread/INFO]: Baking listener list for TickObserver with 3 listeners
[15:52:32] [Client thread/INFO]: Baking listener list for PostRenderObserver with 3 listeners
[15:52:32] [Client thread/INFO]: Baking listener list for Tickable with 4 listeners
[15:52:32] [Client thread/INFO]: Baking listener list for WorldObserver with 2 listeners
[15:52:33] [Client thread/INFO]: Baking listener list for FrameBufferListener with 0 listeners
[15:52:48] [Client thread/INFO]: Baking listener list for ServerCommandProvider with 0 listeners
[15:56:13] [Netty Client IO #0/INFO]: Generating new Event Handler Proxy Class com.mumfrey.liteloader.core.event.EventProxy$2
[15:56:13] [Netty Client IO #0/INFO]: Successfully generated event handler proxy class with 94 handlers(s) and 94 total invokations
[15:56:13] [Netty Client IO #0/INFO]: Baking listener list for PostLoginListener with 0 listeners
[15:56:14] [Server thread/INFO]: Baking listener list for ServerPlayerListener with 1 listeners
[15:56:14] [Client thread/INFO]: Baking listener list for PreJoinGameListener with 0 listeners
[15:56:17] [Client thread/INFO]: Baking listener list for JoinGameListener with 3 listeners
[15:56:30] [Client thread/INFO]: Baking listener list for ChatListener with 0 listeners
[15:56:31] [Client thread/INFO]: Baking listener list for PostRenderListener with 1 listeners
[15:56:31] [Client thread/INFO]: Baking listener list for HUDRenderListener with 1 listeners
[16:02:08] [Client thread/INFO]: LiteLoader is shutting down, shutting down core providers and syncing configuration
[16:02:08] [Client thread/INFO]: Baking listener list for ShutdownObserver with 2 listeners
